Removed Pin From Net: NetName=NetP2_1 Pin=P2-1
Removed Pin From Net: NetName=GND Pin=P2-2
Removed Pin From Net: NetName=NetC1_2 Pin=R4-2
Removed Pin From Net: NetName=Netsoil moisture_1 Pin=U2-6
Removed Pin From Net: NetName=NetRelay connections_2 Pin=U2-7
Removed Pin From Net: NetName=NetLED bulbs_4 Pin=U2-19
Removed Pin From Net: NetName=NetLED bulbs_1 Pin=U2-23
Removed Pin From Net: NetName=NetLED bulbs_2 Pin=U2-24
Removed Pin From Net: NetName=NetLED bulbs_3 Pin=U2-25
Removed Member From Class: ClassName=Sheet2 Member=MQ-135 gas sensor
Removed Member From Class: ClassName=Sheet2 Member=P2
Removed Member From Class: ClassName=Sheet2 Member=R4
Removed Member From Class: ClassName=Sheet2 Member=U2
Change Component Designator: OldDesignator=P1 NewDesignator=Input Supply(7V-10V)
Change Component Designator: OldDesignator=P3 NewDesignator=Additional Connector 
Change component parameters: Designator = "R5"; Footprint = "AXIAL-0.3"; UniqueID = "\QXOTQCJT"
Change component parameters. Clean all parameters for all variants
Change component parameters (AddParameter): Name = "LatestRevisionDate"; Value = "17-Jul-2002"; VariantName = "[No Variations]"
Change component parameters (AddParameter): Name = "LatestRevisionNote"; Value = "Re-released for DXP Platform."; VariantName = "[No Variations]"
Change component parameters (AddParameter): Name = "PackageDescription"; Value = "Axial Device, Thru-Hole; 2 Leads; 0.3 in Pin Spacing"; VariantName = "[No Variations]"
Change component parameters (AddParameter): Name = "PackageReference"; Value = "AXIAL-0.3"; VariantName = "[No Variations]"
Change component parameters (AddParameter): Name = "Published"; Value = "8-Jun-2000"; VariantName = "[No Variations]"
Change component parameters (AddParameter): Name = "Publisher"; Value = "Altium Limited"; VariantName = "[No Variations]"
Change component parameters (AddParameter): Name = "Value"; Value = "100"; VariantName = "[No Variations]"
Change component parameters: Designator = "R6"; Footprint = "AXIAL-0.3"; UniqueID = "\OCULXTTK"
Change component parameters. Clean all parameters for all variants
Change component parameters (AddParameter): Name = "LatestRevisionDate"; Value = "17-Jul-2002"; VariantName = "[No Variations]"
Change component parameters (AddParameter): Name = "LatestRevisionNote"; Value = "Re-released for DXP Platform."; VariantName = "[No Variations]"
Change component parameters (AddParameter): Name = "PackageDescription"; Value = "Axial Device, Thru-Hole; 2 Leads; 0.3 in Pin Spacing"; VariantName = "[No Variations]"
Change component parameters (AddParameter): Name = "PackageReference"; Value = "AXIAL-0.3"; VariantName = "[No Variations]"
Change component parameters (AddParameter): Name = "Published"; Value = "8-Jun-2000"; VariantName = "[No Variations]"
Change component parameters (AddParameter): Name = "Publisher"; Value = "Altium Limited"; VariantName = "[No Variations]"
Change component parameters (AddParameter): Name = "Value"; Value = "100"; VariantName = "[No Variations]"
Change component parameters: Designator = "R8"; Footprint = "AXIAL-0.3"; UniqueID = "\WDAPCEKQ"
Change component parameters. Clean all parameters for all variants
Change component parameters (AddParameter): Name = "LatestRevisionDate"; Value = "17-Jul-2002"; VariantName = "[No Variations]"
Change component parameters (AddParameter): Name = "LatestRevisionNote"; Value = "Re-released for DXP Platform."; VariantName = "[No Variations]"
Change component parameters (AddParameter): Name = "PackageDescription"; Value = "Axial Device, Thru-Hole; 2 Leads; 0.3 in Pin Spacing"; VariantName = "[No Variations]"
Change component parameters (AddParameter): Name = "PackageReference"; Value = "AXIAL-0.3"; VariantName = "[No Variations]"
Change component parameters (AddParameter): Name = "Published"; Value = "8-Jun-2000"; VariantName = "[No Variations]"
Change component parameters (AddParameter): Name = "Publisher"; Value = "Altium Limited"; VariantName = "[No Variations]"
Change component parameters (AddParameter): Name = "Value"; Value = "330"; VariantName = "[No Variations]"
Added Pin To Net: NetName=NetP2_1 Pin=soil moisture-2
Added Pin To Net: NetName=Netsoil moisture_1 Pin=U1-1
Added Pin To Net: NetName=NetLED bulbs_4 Pin=U1-14
Added Pin To Net: NetName=NetLED bulbs_1 Pin=U1-22
Added Pin To Net: NetName=NetLED bulbs_2 Pin=U1-23
Added Pin To Net: NetName=NetLED bulbs_3 Pin=U1-26
Added Pin To Net: NetName=NetRelay connections_2 Pin=U1-28
Change Net Name : Old Net Name=NetP2_1 New Net Name=NetAdditional Connector _1
Change Net Name : Old Net Name=NetP3_2 New Net Name=NetAdditional Connector _2
Added Pin To Net: NetName=NetRelay connections_3 Pin=Relay connections-3
Added Pin To Net: NetName=NetRelay connections_3 Pin=soil moisture-3
Added Pin To Net: NetName=NetRelay connections_3 Pin=temperature and humidity-3
Added Pin To Net: NetName=NetRelay connections_3 Pin=U1-10
Added Net: Name=NetRelay connections_3
Added Pin To Net: NetName=Nettemperature and humidity_1 Pin=temperature and humidity-1
Added Pin To Net: NetName=Nettemperature and humidity_1 Pin=U1-29
Added Net: Name=Nettemperature and humidity_1
Added Pin To Net: NetName=Nettemperature and humidity_2 Pin=temperature and humidity-2
Added Pin To Net: NetName=Nettemperature and humidity_2 Pin=U1-25
Added Net: Name=Nettemperature and humidity_2
